[2021-02-24T21:36:05.383] [INFO] default - legal referer(合法 origin):http://localhost:3000/ fetch
[2021-02-24T21:36:05.390] [INFO] default - OPTIONS /post/add  200  4 ms
[2021-02-24T21:36:05.392] [INFO] default - legal referer(合法 origin):http://localhost:3000/ fetch
[2021-02-24T21:36:05.437] [INFO] default - 获取连接
[2021-02-24T21:36:05.723] [INFO] default - POST /post/add  200  317 ms
[2021-02-24T21:36:08.794] [INFO] default - legal referer(合法 origin):http://localhost:3000/ fetch
[2021-02-24T21:36:08.800] [INFO] default - 获取连接
[2021-02-24T21:36:08.809] [INFO] default - GET /post/query?type=all&keyword=&offset=0&limit=15  200  14 ms
[2021-02-24T21:36:11.296] [INFO] default - legal referer(合法 origin):http://localhost:3000/ fetch
[2021-02-24T21:36:11.297] [INFO] default - 获取连接
[2021-02-24T21:36:11.304] [INFO] default - GET /post/getByPid?Pid=8  200  6 ms
[2021-02-24T21:43:43.599] [INFO] default - legal referer(合法 origin):http://localhost:3000/ fetch
[2021-02-24T21:43:43.640] [INFO] default - 获取连接
[2021-02-24T21:43:43.651] [INFO] default - GET /post/query?type=all&keyword=&offset=0&limit=15  200  38 ms
[2021-02-24T21:43:45.750] [INFO] default - legal referer(合法 origin):http://localhost:3000/ fetch
[2021-02-24T21:43:45.753] [INFO] default - 获取连接
[2021-02-24T21:43:45.765] [INFO] default - GET /post/getByPid?Pid=3  200  15 ms
[2021-02-24T21:43:52.926] [INFO] default - legal referer(合法 origin):http://localhost:3000/ fetch
[2021-02-24T21:43:52.930] [INFO] default - 获取连接
[2021-02-24T21:43:52.937] [WARN] default - GET /post/query?type=all&keyword=&offset=0&limit=15  304  10 ms
[2021-02-24T21:43:54.785] [INFO] default - legal referer(合法 origin):http://localhost:3000/ fetch
[2021-02-24T21:43:54.787] [INFO] default - 获取连接
[2021-02-24T21:43:54.799] [INFO] default - GET /post/getByPid?Pid=1  200  12 ms
[2021-02-24T21:43:56.987] [INFO] default - legal referer(合法 origin):http://localhost:3000/ fetch
[2021-02-24T21:43:56.995] [INFO] default - 获取连接
[2021-02-24T21:43:56.998] [WARN] default - GET /post/query?type=all&keyword=&offset=0&limit=15  304  11 ms
[2021-02-24T21:44:10.308] [INFO] default - legal referer(合法 origin):http://localhost:3000/ fetch
[2021-02-24T21:44:10.310] [INFO] default - OPTIONS /post/add  200  1 ms
[2021-02-24T21:44:10.320] [INFO] default - legal referer(合法 origin):http://localhost:3000/ fetch
[2021-02-24T21:44:10.331] [INFO] default - 获取连接
[2021-02-24T21:44:10.485] [INFO] default - POST /post/add  200  155 ms
[2021-02-24T21:44:13.584] [INFO] default - legal referer(合法 origin):http://localhost:3000/ fetch
[2021-02-24T21:44:13.593] [INFO] default - 获取连接
[2021-02-24T21:44:13.602] [INFO] default - GET /post/query?type=all&keyword=&offset=0&limit=15  200  17 ms
[2021-02-24T21:44:15.173] [INFO] default - legal referer(合法 origin):http://localhost:3000/ fetch
[2021-02-24T21:44:15.174] [INFO] default - 获取连接
[2021-02-24T21:44:15.189] [INFO] default - GET /post/getByPid?Pid=9  200  16 ms
[2021-02-24T21:47:43.865] [INFO] default - legal referer(合法 origin):http://localhost:3000/ fetch
[2021-02-24T21:47:43.913] [INFO] default - 获取连接
[2021-02-24T21:47:43.925] [WARN] default - GET /post/getByPid?Pid=9  304  45 ms
[2021-02-24T21:48:38.575] [INFO] default - legal referer(合法 origin):http://localhost:3000/ fetch
[2021-02-24T21:48:38.605] [INFO] default - 获取连接
[2021-02-24T21:48:38.615] [INFO] default - GET /post/query?type=all&keyword=&offset=0&limit=15  200  33 ms
[2021-02-24T21:48:49.490] [INFO] default - legal referer(合法 origin):http://localhost:3000/ fetch
[2021-02-24T21:48:49.492] [INFO] default - OPTIONS /post/add  200  1 ms
[2021-02-24T21:48:49.503] [INFO] default - legal referer(合法 origin):http://localhost:3000/ fetch
[2021-02-24T21:48:49.523] [INFO] default - 获取连接
[2021-02-24T21:48:49.675] [INFO] default - POST /post/add  200  156 ms
[2021-02-24T21:48:52.755] [INFO] default - legal referer(合法 origin):http://localhost:3000/ fetch
[2021-02-24T21:48:52.765] [INFO] default - 获取连接
[2021-02-24T21:48:52.773] [INFO] default - GET /post/query?type=all&keyword=&offset=0&limit=15  200  18 ms
[2021-02-24T21:48:56.482] [INFO] default - legal referer(合法 origin):http://localhost:3000/ fetch
[2021-02-24T21:48:56.484] [INFO] default - 获取连接
[2021-02-24T21:48:56.493] [INFO] default - GET /post/getByPid?Pid=10  200  10 ms
[2021-02-24T21:49:01.727] [INFO] default - legal referer(合法 origin):http://localhost:3000/ fetch
[2021-02-24T21:49:01.728] [INFO] default - 获取连接
[2021-02-24T21:49:01.749] [WARN] default - GET /post/getByPid?Pid=10  304  21 ms
[2021-02-24T21:49:04.352] [INFO] default - legal referer(合法 origin):http://localhost:3000/ fetch
[2021-02-24T21:49:04.358] [INFO] default - 获取连接
[2021-02-24T21:49:04.362] [WARN] default - GET /post/query?type=all&keyword=&offset=0&limit=15  304  9 ms
